#-----------------------------------------------------------
# Vivado v2020.2 (64-bit)
# SW Build 3064766 on Wed Nov 18 09:12:45 MST 2020
# IP Build 3064653 on Wed Nov 18 14:17:31 MST 2020
# Start of session at: Wed Apr  5 21:03:58 2023
# Process ID: 19752
# Current directory: Z:/PC-II-SummerSemester/BPC-DE1-project/ProjectMorse
# Command line: vivado.exe -gui_launcher_event rodinguilauncherevent19828 Z:\PC-II-SummerSemester\BPC-DE1-project\ProjectMorse\ProjectMorse.xpr
# Log file: Z:/PC-II-SummerSemester/BPC-DE1-project/ProjectMorse/vivado.log
# Journal file: Z:/PC-II-SummerSemester/BPC-DE1-project/ProjectMorse\vivado.jou
#-----------------------------------------------------------
start_gui
open_project Z:/PC-II-SummerSemester/BPC-DE1-project/ProjectMorse/ProjectMorse.xpr
INFO: [Project 1-313] Project file moved from 'V:/Windows User Profile.V6/PC-II-SummerSemester/digital-electronics-1/Project/ProjectMorse' since last save.
WARNING: [filemgmt 56-2] Default IP Output Path : Could not find the directory 'Z:/PC-II-SummerSemester/BPC-DE1-project/ProjectMorse/ProjectMorse.gen/sources_1', nor could it be found using path 'V:/Windows User Profile.V6/PC-II-SummerSemester/digital-electronics-1/Project/ProjectMorse/ProjectMorse.gen/sources_1'.
Scanning sources...
Finished scanning sources
CRITICAL WARNING: [Board 49-67] The board_part definition was not found for digilentinc.com:nexys-a7-50t:part0:1.2. This can happen sometimes when you use custom board part. You can resolve this issue by setting 'board.repoPaths' parameter, pointing to the location of custom board files. Valid board_part values can be retrieved with the 'get_board_parts' Tcl command.
INFO: [IP_Flow 19-234] Refreshing IP repositories
INFO: [IP_Flow 19-1704] No user IP repositories specified
INFO: [IP_Flow 19-2313] Loaded Vivado IP repository 'T:/Vivado/Vivado/2020.2/data/ip'.
open_project: Time (s): cpu = 00:00:25 ; elapsed = 00:00:14 . Memory (MB): peak = 999.770 ; gain = 0.000
update_compile_order -fileset sources_1
exit
INFO: [Common 17-206] Exiting Vivado at Wed Apr  5 21:25:44 2023...
