#-----------------------------------------------------------
# Vivado v2020.2 (64-bit)
# SW Build 3064766 on Wed Nov 18 09:12:45 MST 2020
# IP Build 3064653 on Wed Nov 18 14:17:31 MST 2020
# Start of session at: Sat Apr 29 23:50:29 2023
# Process ID: 19332
# Current directory: Z:/PC-II-SummerSemester/BPC-DE1-project/ProjectMorse
# Command line: vivado.exe -gui_launcher_event rodinguilauncherevent18000 Z:\PC-II-SummerSemester\BPC-DE1-project\ProjectMorse\ProjectMorse.xpr
# Log file: Z:/PC-II-SummerSemester/BPC-DE1-project/ProjectMorse/vivado.log
# Journal file: Z:/PC-II-SummerSemester/BPC-DE1-project/ProjectMorse\vivado.jou
#-----------------------------------------------------------
start_gui
open_project Z:/PC-II-SummerSemester/BPC-DE1-project/ProjectMorse/ProjectMorse.xpr
WARNING: [filemgmt 56-3] Default IP Output Path : Could not find the directory 'Z:/PC-II-SummerSemester/BPC-DE1-project/ProjectMorse/ProjectMorse.gen/sources_1'.
Scanning sources...
Finished scanning sources
INFO: [IP_Flow 19-234] Refreshing IP repositories
INFO: [IP_Flow 19-1704] No user IP repositories specified
INFO: [IP_Flow 19-2313] Loaded Vivado IP repository 'T:/Vivado/Vivado/2020.2/data/ip'.
open_project: Time (s): cpu = 00:00:17 ; elapsed = 00:00:07 . Memory (MB): peak = 999.488 ; gain = 0.000
update_compile_order -fileset sources_1
launch_simulation
Command: launch_simulation 
INFO: [Vivado 12-5682] Launching behavioral simulation in 'Z:/PC-II-SummerSemester/BPC-DE1-project/ProjectMorse/ProjectMorse.sim/sim_1/behav/xsim'
INFO: [SIM-utils-51] Simulation object is 'sim_1'
INFO: [SIM-utils-54] Inspecting design source files for 'tb_bin_morse' in fileset 'sim_1'...
INFO: [USF-XSim-97] Finding global include files...
INFO: [USF-XSim-98] Fetching design files from 'sim_1'...
INFO: [USF-XSim-2] XSim::Compile design
INFO: [USF-XSim-61] Executing 'COMPILE and ANALYZE' step in 'Z:/PC-II-SummerSemester/BPC-DE1-project/ProjectMorse/ProjectMorse.sim/sim_1/behav/xsim'
"xvhdl --incr --relax -prj tb_bin_morse_vhdl.prj"
INFO: [USF-XSim-69] 'compile' step finished in '2' seconds
INFO: [USF-XSim-3] XSim::Elaborate design
INFO: [USF-XSim-61] Executing 'ELABORATE' step in 'Z:/PC-II-SummerSemester/BPC-DE1-project/ProjectMorse/ProjectMorse.sim/sim_1/behav/xsim'
"xelab -wto 4e90e972b2734ef7838b83f1c153f186 --incr --debug typical --relax --mt 2 -L xil_defaultlib -L secureip --snapshot tb_bin_morse_behav xil_defaultlib.tb_bin_morse -log elaborate.log"
Vivado Simulator 2020.2
Copyright 1986-1999, 2001-2020 Xilinx, Inc. All Rights Reserved.
Running: T:/Vivado/Vivado/2020.2/bin/unwrapped/win64.o/xelab.exe -wto 4e90e972b2734ef7838b83f1c153f186 --incr --debug typical --relax --mt 2 -L xil_defaultlib -L secureip --snapshot tb_bin_morse_behav xil_defaultlib.tb_bin_morse -log elaborate.log 
Using 2 slave threads.
Starting static elaboration
Completed static elaboration
INFO: [XSIM 43-4323] No Change in HDL. Linking previously generated obj files to create kernel
INFO: [USF-XSim-69] 'elaborate' step finished in '2' seconds
INFO: [USF-XSim-4] XSim::Simulate design
INFO: [USF-XSim-61] Executing 'SIMULATE' step in 'Z:/PC-II-SummerSemester/BPC-DE1-project/ProjectMorse/ProjectMorse.sim/sim_1/behav/xsim'
INFO: [USF-XSim-98] *** Running xsim
   with args "tb_bin_morse_behav -key {Behavioral:sim_1:Functional:tb_bin_morse} -tclbatch {tb_bin_morse.tcl} -view {Z:/PC-II-SummerSemester/BPC-DE1-project/ProjectMorse/tb_morse_bin_behav.wcfg} -log {simulate.log}"
INFO: [USF-XSim-8] Loading simulator feature
Vivado Simulator 2020.2
Time resolution is 1 ps
open_wave_config Z:/PC-II-SummerSemester/BPC-DE1-project/ProjectMorse/tb_morse_bin_behav.wcfg
WARNING: Simulation object /tb_morse_bin/s_clk_100MHz was not found in the design.
WARNING: Simulation object /tb_morse_bin/c_CLK_100MHZ_PERIOD was not found in the design.
WARNING: Simulation object /tb_morse_bin/s_morse was not found in the design.
WARNING: Simulation object /tb_morse_bin/uut_tb_morse_bin/pulse_cnt was not found in the design.
WARNING: Simulation object /tb_morse_bin/uut_tb_morse_bin/pulse_cnt_pause was not found in the design.
WARNING: Simulation object /tb_morse_bin/uut_tb_morse_bin/index was not found in the design.
WARNING: Simulation object /tb_morse_bin/uut_tb_morse_bin/buff was not found in the design.
WARNING: Simulation object /tb_morse_bin/s_bin was not found in the design.
source tb_bin_morse.tcl
# set curr_wave [current_wave_config]
# if { [string length $curr_wave] == 0 } {
#   if { [llength [get_objects]] > 0} {
#     add_wave /
#     set_property needs_save false [current_wave_config]
#   } else {
#      send_msg_id Add_Wave-1 WARNING "No top level signals found. Simulator will start without a wave window. If you want to open a wave window go to 'File->New Waveform Configuration' or type 'create_wave_config' in the TCL console."
#   }
# }
# run 2000 ns
Note: Stimulus process started
Time: 0 ps  Iteration: 0  Process: /tb_bin_morse/p_stimulus  File: Z:/PC-II-SummerSemester/BPC-DE1-project/ProjectMorse/ProjectMorse.srcs/sim_1/new/tb_bin_morse.vhd
Note: Stimulus process finished
Time: 0 ps  Iteration: 0  Process: /tb_bin_morse/p_stimulus  File: Z:/PC-II-SummerSemester/BPC-DE1-project/ProjectMorse/ProjectMorse.srcs/sim_1/new/tb_bin_morse.vhd
INFO: [USF-XSim-96] XSim completed. Design snapshot 'tb_bin_morse_behav' loaded.
INFO: [USF-XSim-97] XSim simulation ran for 2000 ns
launch_simulation: Time (s): cpu = 00:00:13 ; elapsed = 00:00:10 . Memory (MB): peak = 999.488 ; gain = 0.000
close_sim
INFO: [Simtcl 6-16] Simulation closed
set_property is_enabled false [get_files  Z:/PC-II-SummerSemester/BPC-DE1-project/ProjectMorse/tb_morse_bin_behav.wcfg]
launch_simulation
Command: launch_simulation 
INFO: [Vivado 12-5682] Launching behavioral simulation in 'Z:/PC-II-SummerSemester/BPC-DE1-project/ProjectMorse/ProjectMorse.sim/sim_1/behav/xsim'
INFO: [SIM-utils-51] Simulation object is 'sim_1'
INFO: [SIM-utils-54] Inspecting design source files for 'tb_bin_morse' in fileset 'sim_1'...
INFO: [USF-XSim-97] Finding global include files...
INFO: [USF-XSim-98] Fetching design files from 'sim_1'...
INFO: [USF-XSim-2] XSim::Compile design
INFO: [USF-XSim-61] Executing 'COMPILE and ANALYZE' step in 'Z:/PC-II-SummerSemester/BPC-DE1-project/ProjectMorse/ProjectMorse.sim/sim_1/behav/xsim'
"xvhdl --incr --relax -prj tb_bin_morse_vhdl.prj"
INFO: [USF-XSim-69] 'compile' step finished in '2' seconds
INFO: [USF-XSim-3] XSim::Elaborate design
INFO: [USF-XSim-61] Executing 'ELABORATE' step in 'Z:/PC-II-SummerSemester/BPC-DE1-project/ProjectMorse/ProjectMorse.sim/sim_1/behav/xsim'
"xelab -wto 4e90e972b2734ef7838b83f1c153f186 --incr --debug typical --relax --mt 2 -L xil_defaultlib -L secureip --snapshot tb_bin_morse_behav xil_defaultlib.tb_bin_morse -log elaborate.log"
Vivado Simulator 2020.2
Copyright 1986-1999, 2001-2020 Xilinx, Inc. All Rights Reserved.
Running: T:/Vivado/Vivado/2020.2/bin/unwrapped/win64.o/xelab.exe -wto 4e90e972b2734ef7838b83f1c153f186 --incr --debug typical --relax --mt 2 -L xil_defaultlib -L secureip --snapshot tb_bin_morse_behav xil_defaultlib.tb_bin_morse -log elaborate.log 
Using 2 slave threads.
Starting static elaboration
Completed static elaboration
INFO: [XSIM 43-4323] No Change in HDL. Linking previously generated obj files to create kernel
INFO: [USF-XSim-69] 'elaborate' step finished in '2' seconds
INFO: [USF-XSim-4] XSim::Simulate design
INFO: [USF-XSim-61] Executing 'SIMULATE' step in 'Z:/PC-II-SummerSemester/BPC-DE1-project/ProjectMorse/ProjectMorse.sim/sim_1/behav/xsim'
INFO: [USF-XSim-98] *** Running xsim
   with args "tb_bin_morse_behav -key {Behavioral:sim_1:Functional:tb_bin_morse} -tclbatch {tb_bin_morse.tcl} -log {simulate.log}"
INFO: [USF-XSim-8] Loading simulator feature
Vivado Simulator 2020.2
Time resolution is 1 ps
source tb_bin_morse.tcl
# set curr_wave [current_wave_config]
# if { [string length $curr_wave] == 0 } {
#   if { [llength [get_objects]] > 0} {
#     add_wave /
#     set_property needs_save false [current_wave_config]
#   } else {
#      send_msg_id Add_Wave-1 WARNING "No top level signals found. Simulator will start without a wave window. If you want to open a wave window go to 'File->New Waveform Configuration' or type 'create_wave_config' in the TCL console."
#   }
# }
# run 2000 ns
Note: Stimulus process started
Time: 0 ps  Iteration: 0  Process: /tb_bin_morse/p_stimulus  File: Z:/PC-II-SummerSemester/BPC-DE1-project/ProjectMorse/ProjectMorse.srcs/sim_1/new/tb_bin_morse.vhd
Note: Stimulus process finished
Time: 0 ps  Iteration: 0  Process: /tb_bin_morse/p_stimulus  File: Z:/PC-II-SummerSemester/BPC-DE1-project/ProjectMorse/ProjectMorse.srcs/sim_1/new/tb_bin_morse.vhd
INFO: [USF-XSim-96] XSim completed. Design snapshot 'tb_bin_morse_behav' loaded.
INFO: [USF-XSim-97] XSim simulation ran for 2000 ns
launch_simulation: Time (s): cpu = 00:00:08 ; elapsed = 00:00:08 . Memory (MB): peak = 999.488 ; gain = 0.000
close_sim
INFO: [Simtcl 6-16] Simulation closed
exit
INFO: [Common 17-206] Exiting Vivado at Sat Apr 29 23:53:56 2023...
