
*** Running vivado
    with args -log top.vds -m64 -product Vivado -mode batch -messageDb vivado.pb -notrace -source top.tcl



****** Vivado v2020.2 (64-bit)
  **** SW Build 3064766 on Wed Nov 18 09:12:45 MST 2020
  **** IP Build 3064653 on Wed Nov 18 14:17:31 MST 2020
    ** Copyright 1986-2020 Xilinx, Inc. All Rights Reserved.

source top.tcl -notrace
Command: synth_design -top top -part xc7a50ticsg324-1L
Starting synth_design
Attempting to get a license for feature 'Synthesis' and/or device 'xc7a50ti'
INFO: [Common 17-349] Got license for feature 'Synthesis' and/or device 'xc7a50ti'
INFO: [Device 21-403] Loading part xc7a50ticsg324-1L
INFO: [Synth 8-7079] Multithreading enabled for synth_design using a maximum of 2 processes.
INFO: [Synth 8-7078] Launching helper process for spawning children vivado processes
INFO: [Synth 8-7075] Helper process launched with PID 16112
---------------------------------------------------------------------------------
Starting RTL Elaboration : Time (s): cpu = 00:00:10 ; elapsed = 00:00:15 . Memory (MB): peak = 999.496 ; gain = 0.000
---------------------------------------------------------------------------------
INFO: [Synth 8-638] synthesizing module 'top' [C:/Users/Gady-NTB/Documents/SynologyDrive/Gady_Soubory/Gadas_VUT_FEKT/4. Semestr/DE1/GIT/BPC-DE1-project/morse_transmitter/morse_transmitter.srcs/sources_1/new/top.vhd:57]
INFO: [Synth 8-638] synthesizing module 'bin_7seg' [C:/Users/Gady-NTB/Documents/SynologyDrive/Gady_Soubory/Gadas_VUT_FEKT/4. Semestr/DE1/GIT/BPC-DE1-project/morse_transmitter/morse_transmitter.srcs/sources_1/new/bin_7seg.vhd:37]
INFO: [Synth 8-256] done synthesizing module 'bin_7seg' (1#1) [C:/Users/Gady-NTB/Documents/SynologyDrive/Gady_Soubory/Gadas_VUT_FEKT/4. Semestr/DE1/GIT/BPC-DE1-project/morse_transmitter/morse_transmitter.srcs/sources_1/new/bin_7seg.vhd:37]
INFO: [Synth 8-638] synthesizing module 'bin_morse' [C:/Users/Gady-NTB/Documents/SynologyDrive/Gady_Soubory/Gadas_VUT_FEKT/4. Semestr/DE1/GIT/BPC-DE1-project/morse_transmitter/morse_transmitter.srcs/sources_1/new/bin_morse.vhd:23]
INFO: [Synth 8-638] synthesizing module 'clock_enable' [C:/Users/Gady-NTB/Documents/SynologyDrive/Gady_Soubory/Gadas_VUT_FEKT/4. Semestr/DE1/GIT/BPC-DE1-project/morse_transmitter/morse_transmitter.srcs/sources_1/new/clock_enable.vhd:40]
	Parameter g_MAX bound to: 10000000 - type: integer 
INFO: [Synth 8-256] done synthesizing module 'clock_enable' (2#1) [C:/Users/Gady-NTB/Documents/SynologyDrive/Gady_Soubory/Gadas_VUT_FEKT/4. Semestr/DE1/GIT/BPC-DE1-project/morse_transmitter/morse_transmitter.srcs/sources_1/new/clock_enable.vhd:40]
INFO: [Synth 8-638] synthesizing module 'buzzer' [C:/Users/Gady-NTB/Documents/SynologyDrive/Gady_Soubory/Gadas_VUT_FEKT/4. Semestr/DE1/GIT/BPC-DE1-project/morse_transmitter/morse_transmitter.srcs/sources_1/new/buzzer.vhd:10]
INFO: [Synth 8-638] synthesizing module 'clock_enable__parameterized0' [C:/Users/Gady-NTB/Documents/SynologyDrive/Gady_Soubory/Gadas_VUT_FEKT/4. Semestr/DE1/GIT/BPC-DE1-project/morse_transmitter/morse_transmitter.srcs/sources_1/new/clock_enable.vhd:40]
	Parameter g_MAX bound to: 1000 - type: integer 
INFO: [Synth 8-256] done synthesizing module 'clock_enable__parameterized0' (2#1) [C:/Users/Gady-NTB/Documents/SynologyDrive/Gady_Soubory/Gadas_VUT_FEKT/4. Semestr/DE1/GIT/BPC-DE1-project/morse_transmitter/morse_transmitter.srcs/sources_1/new/clock_enable.vhd:40]
INFO: [Synth 8-256] done synthesizing module 'buzzer' (3#1) [C:/Users/Gady-NTB/Documents/SynologyDrive/Gady_Soubory/Gadas_VUT_FEKT/4. Semestr/DE1/GIT/BPC-DE1-project/morse_transmitter/morse_transmitter.srcs/sources_1/new/buzzer.vhd:10]
INFO: [Synth 8-256] done synthesizing module 'bin_morse' (4#1) [C:/Users/Gady-NTB/Documents/SynologyDrive/Gady_Soubory/Gadas_VUT_FEKT/4. Semestr/DE1/GIT/BPC-DE1-project/morse_transmitter/morse_transmitter.srcs/sources_1/new/bin_morse.vhd:23]
INFO: [Synth 8-256] done synthesizing module 'top' (5#1) [C:/Users/Gady-NTB/Documents/SynologyDrive/Gady_Soubory/Gadas_VUT_FEKT/4. Semestr/DE1/GIT/BPC-DE1-project/morse_transmitter/morse_transmitter.srcs/sources_1/new/top.vhd:57]
---------------------------------------------------------------------------------
Finished RTL Elaboration : Time (s): cpu = 00:00:13 ; elapsed = 00:00:20 . Memory (MB): peak = 999.496 ; gain = 0.000
---------------------------------------------------------------------------------
---------------------------------------------------------------------------------
Start Handling Custom Attributes
---------------------------------------------------------------------------------
---------------------------------------------------------------------------------
Finished Handling Custom Attributes : Time (s): cpu = 00:00:14 ; elapsed = 00:00:21 . Memory (MB): peak = 999.496 ; gain = 0.000
---------------------------------------------------------------------------------
---------------------------------------------------------------------------------
Finished RTL Optimization Phase 1 : Time (s): cpu = 00:00:14 ; elapsed = 00:00:21 . Memory (MB): peak = 999.496 ; gain = 0.000
---------------------------------------------------------------------------------
Netlist sorting complete. Time (s): cpu = 00:00:00 ; elapsed = 00:00:00.031 . Memory (MB): peak = 999.496 ; gain = 0.000
INFO: [Project 1-570] Preparing netlist for logic optimization

Processing XDC Constraints
Initializing timing engine
Parsing XDC File [C:/Users/Gady-NTB/Documents/SynologyDrive/Gady_Soubory/Gadas_VUT_FEKT/4. Semestr/DE1/GIT/BPC-DE1-project/morse_transmitter/morse_transmitter.srcs/constrs_1/new/nexys-a7-50t.xdc]
Finished Parsing XDC File [C:/Users/Gady-NTB/Documents/SynologyDrive/Gady_Soubory/Gadas_VUT_FEKT/4. Semestr/DE1/GIT/BPC-DE1-project/morse_transmitter/morse_transmitter.srcs/constrs_1/new/nexys-a7-50t.xdc]
INFO: [Project 1-236] Implementation specific constraints were found while reading constraint file [C:/Users/Gady-NTB/Documents/SynologyDrive/Gady_Soubory/Gadas_VUT_FEKT/4. Semestr/DE1/GIT/BPC-DE1-project/morse_transmitter/morse_transmitter.srcs/constrs_1/new/nexys-a7-50t.xdc]. These constraints will be ignored for synthesis but will be used in implementation. Impacted constraints are listed in the file [.Xil/top_propImpl.xdc].
Resolution: To avoid this warning, move constraints listed in [.Xil/top_propImpl.xdc] to another XDC file and exclude this new file from synthesis with the used_in_synthesis property (File Properties dialog in GUI) and re-run elaboration/synthesis.
Completed Processing XDC Constraints

Netlist sorting complete. Time (s): cpu = 00:00:00 ; elapsed = 00:00:00.001 . Memory (MB): peak = 1001.516 ; gain = 0.000
INFO: [Project 1-111] Unisim Transformation Summary:
No Unisim elements were transformed.

Constraint Validation Runtime : Time (s): cpu = 00:00:00 ; elapsed = 00:00:00.069 . Memory (MB): peak = 1001.516 ; gain = 0.000
---------------------------------------------------------------------------------
Finished Constraint Validation : Time (s): cpu = 00:00:26 ; elapsed = 00:00:37 . Memory (MB): peak = 1001.516 ; gain = 2.020
---------------------------------------------------------------------------------
---------------------------------------------------------------------------------
Start Loading Part and Timing Information
---------------------------------------------------------------------------------
Loading part: xc7a50ticsg324-1L
---------------------------------------------------------------------------------
Finished Loading Part and Timing Information : Time (s): cpu = 00:00:26 ; elapsed = 00:00:37 . Memory (MB): peak = 1001.516 ; gain = 2.020
---------------------------------------------------------------------------------
---------------------------------------------------------------------------------
Start Applying 'set_property' XDC Constraints
---------------------------------------------------------------------------------
---------------------------------------------------------------------------------
Finished applying 'set_property' XDC Constraints : Time (s): cpu = 00:00:26 ; elapsed = 00:00:37 . Memory (MB): peak = 1001.516 ; gain = 2.020
---------------------------------------------------------------------------------
---------------------------------------------------------------------------------
Finished RTL Optimization Phase 2 : Time (s): cpu = 00:00:29 ; elapsed = 00:00:41 . Memory (MB): peak = 1001.516 ; gain = 2.020
---------------------------------------------------------------------------------
---------------------------------------------------------------------------------
Start RTL Component Statistics 
---------------------------------------------------------------------------------
Detailed RTL Component Info : 
+---Adders : 
	   2 Input   31 Bit       Adders := 1     
+---Registers : 
	               31 Bit    Registers := 1     
	                5 Bit    Registers := 1     
	                1 Bit    Registers := 9     
+---Muxes : 
	   2 Input   31 Bit        Muxes := 49    
	   2 Input    8 Bit        Muxes := 1     
	   2 Input    5 Bit        Muxes := 63    
	   2 Input    1 Bit        Muxes := 347   
	   5 Input    1 Bit        Muxes := 3     
---------------------------------------------------------------------------------
Finished RTL Component Statistics 
---------------------------------------------------------------------------------
---------------------------------------------------------------------------------
Start Part Resource Summary
---------------------------------------------------------------------------------
Part Resources:
DSPs: 120 (col length:60)
BRAMs: 150 (col length: RAMB18 60 RAMB36 30)
---------------------------------------------------------------------------------
Finished Part Resource Summary
---------------------------------------------------------------------------------

*** Running vivado
    with args -log top.vds -m64 -product Vivado -mode batch -messageDb vivado.pb -notrace -source top.tcl



****** Vivado v2020.2 (64-bit)
  **** SW Build 3064766 on Wed Nov 18 09:12:45 MST 2020
  **** IP Build 3064653 on Wed Nov 18 14:17:31 MST 2020
    ** Copyright 1986-2020 Xilinx, Inc. All Rights Reserved.

source top.tcl -notrace
Command: synth_design -top top -part xc7a50ticsg324-1L
Starting synth_design
Attempting to get a license for feature 'Synthesis' and/or device 'xc7a50ti'
INFO: [Common 17-349] Got license for feature 'Synthesis' and/or device 'xc7a50ti'
INFO: [Device 21-403] Loading part xc7a50ticsg324-1L
INFO: [Synth 8-7079] Multithreading enabled for synth_design using a maximum of 2 processes.
INFO: [Synth 8-7078] Launching helper process for spawning children vivado processes
INFO: [Synth 8-7075] Helper process launched with PID 5068
---------------------------------------------------------------------------------
Starting RTL Elaboration : Time (s): cpu = 00:00:10 ; elapsed = 00:00:12 . Memory (MB): peak = 999.324 ; gain = 0.000
---------------------------------------------------------------------------------
INFO: [Synth 8-638] synthesizing module 'top' [C:/Users/Gady-NTB/Documents/SynologyDrive/Gady_Soubory/Gadas_VUT_FEKT/4. Semestr/DE1/GIT/BPC-DE1-project/morse_transmitter/morse_transmitter.srcs/sources_1/new/top.vhd:57]
INFO: [Synth 8-638] synthesizing module 'bin_7seg' [C:/Users/Gady-NTB/Documents/SynologyDrive/Gady_Soubory/Gadas_VUT_FEKT/4. Semestr/DE1/GIT/BPC-DE1-project/morse_transmitter/morse_transmitter.srcs/sources_1/new/bin_7seg.vhd:37]
INFO: [Synth 8-256] done synthesizing module 'bin_7seg' (1#1) [C:/Users/Gady-NTB/Documents/SynologyDrive/Gady_Soubory/Gadas_VUT_FEKT/4. Semestr/DE1/GIT/BPC-DE1-project/morse_transmitter/morse_transmitter.srcs/sources_1/new/bin_7seg.vhd:37]
INFO: [Synth 8-638] synthesizing module 'bin_morse' [C:/Users/Gady-NTB/Documents/SynologyDrive/Gady_Soubory/Gadas_VUT_FEKT/4. Semestr/DE1/GIT/BPC-DE1-project/morse_transmitter/morse_transmitter.srcs/sources_1/new/bin_morse.vhd:23]
INFO: [Synth 8-638] synthesizing module 'clock_enable' [C:/Users/Gady-NTB/Documents/SynologyDrive/Gady_Soubory/Gadas_VUT_FEKT/4. Semestr/DE1/GIT/BPC-DE1-project/morse_transmitter/morse_transmitter.srcs/sources_1/new/clock_enable.vhd:40]
	Parameter g_MAX bound to: 10000000 - type: integer 
INFO: [Synth 8-256] done synthesizing module 'clock_enable' (2#1) [C:/Users/Gady-NTB/Documents/SynologyDrive/Gady_Soubory/Gadas_VUT_FEKT/4. Semestr/DE1/GIT/BPC-DE1-project/morse_transmitter/morse_transmitter.srcs/sources_1/new/clock_enable.vhd:40]
INFO: [Synth 8-638] synthesizing module 'buzzer' [C:/Users/Gady-NTB/Documents/SynologyDrive/Gady_Soubory/Gadas_VUT_FEKT/4. Semestr/DE1/GIT/BPC-DE1-project/morse_transmitter/morse_transmitter.srcs/sources_1/new/buzzer.vhd:10]
INFO: [Synth 8-638] synthesizing module 'clock_enable__parameterized0' [C:/Users/Gady-NTB/Documents/SynologyDrive/Gady_Soubory/Gadas_VUT_FEKT/4. Semestr/DE1/GIT/BPC-DE1-project/morse_transmitter/morse_transmitter.srcs/sources_1/new/clock_enable.vhd:40]
	Parameter g_MAX bound to: 1000 - type: integer 
INFO: [Synth 8-256] done synthesizing module 'clock_enable__parameterized0' (2#1) [C:/Users/Gady-NTB/Documents/SynologyDrive/Gady_Soubory/Gadas_VUT_FEKT/4. Semestr/DE1/GIT/BPC-DE1-project/morse_transmitter/morse_transmitter.srcs/sources_1/new/clock_enable.vhd:40]
INFO: [Synth 8-256] done synthesizing module 'buzzer' (3#1) [C:/Users/Gady-NTB/Documents/SynologyDrive/Gady_Soubory/Gadas_VUT_FEKT/4. Semestr/DE1/GIT/BPC-DE1-project/morse_transmitter/morse_transmitter.srcs/sources_1/new/buzzer.vhd:10]
INFO: [Synth 8-256] done synthesizing module 'bin_morse' (4#1) [C:/Users/Gady-NTB/Documents/SynologyDrive/Gady_Soubory/Gadas_VUT_FEKT/4. Semestr/DE1/GIT/BPC-DE1-project/morse_transmitter/morse_transmitter.srcs/sources_1/new/bin_morse.vhd:23]
INFO: [Synth 8-256] done synthesizing module 'top' (5#1) [C:/Users/Gady-NTB/Documents/SynologyDrive/Gady_Soubory/Gadas_VUT_FEKT/4. Semestr/DE1/GIT/BPC-DE1-project/morse_transmitter/morse_transmitter.srcs/sources_1/new/top.vhd:57]
---------------------------------------------------------------------------------
Finished RTL Elaboration : Time (s): cpu = 00:00:13 ; elapsed = 00:00:16 . Memory (MB): peak = 999.324 ; gain = 0.000
---------------------------------------------------------------------------------
---------------------------------------------------------------------------------
Start Handling Custom Attributes
---------------------------------------------------------------------------------
---------------------------------------------------------------------------------
Finished Handling Custom Attributes : Time (s): cpu = 00:00:14 ; elapsed = 00:00:18 . Memory (MB): peak = 999.324 ; gain = 0.000
---------------------------------------------------------------------------------
---------------------------------------------------------------------------------
Finished RTL Optimization Phase 1 : Time (s): cpu = 00:00:14 ; elapsed = 00:00:18 . Memory (MB): peak = 999.324 ; gain = 0.000
---------------------------------------------------------------------------------
Netlist sorting complete. Time (s): cpu = 00:00:00 ; elapsed = 00:00:00.031 . Memory (MB): peak = 999.324 ; gain = 0.000
INFO: [Project 1-570] Preparing netlist for logic optimization

Processing XDC Constraints
Initializing timing engine
Parsing XDC File [C:/Users/Gady-NTB/Documents/SynologyDrive/Gady_Soubory/Gadas_VUT_FEKT/4. Semestr/DE1/GIT/BPC-DE1-project/morse_transmitter/morse_transmitter.srcs/constrs_1/new/nexys-a7-50t.xdc]
Finished Parsing XDC File [C:/Users/Gady-NTB/Documents/SynologyDrive/Gady_Soubory/Gadas_VUT_FEKT/4. Semestr/DE1/GIT/BPC-DE1-project/morse_transmitter/morse_transmitter.srcs/constrs_1/new/nexys-a7-50t.xdc]
INFO: [Project 1-236] Implementation specific constraints were found while reading constraint file [C:/Users/Gady-NTB/Documents/SynologyDrive/Gady_Soubory/Gadas_VUT_FEKT/4. Semestr/DE1/GIT/BPC-DE1-project/morse_transmitter/morse_transmitter.srcs/constrs_1/new/nexys-a7-50t.xdc]. These constraints will be ignored for synthesis but will be used in implementation. Impacted constraints are listed in the file [.Xil/top_propImpl.xdc].
Resolution: To avoid this warning, move constraints listed in [.Xil/top_propImpl.xdc] to another XDC file and exclude this new file from synthesis with the used_in_synthesis property (File Properties dialog in GUI) and re-run elaboration/synthesis.
Completed Processing XDC Constraints

Netlist sorting complete. Time (s): cpu = 00:00:00 ; elapsed = 00:00:00.001 . Memory (MB): peak = 1001.590 ; gain = 0.000
INFO: [Project 1-111] Unisim Transformation Summary:
No Unisim elements were transformed.

Constraint Validation Runtime : Time (s): cpu = 00:00:00 ; elapsed = 00:00:00.073 . Memory (MB): peak = 1001.590 ; gain = 0.000
