Copyright 1986-2020 Xilinx, Inc. All Rights Reserved.
------------------------------------------------------------------------------------
| Tool Version : Vivado v.2020.2 (win64) Build 3064766 Wed Nov 18 09:12:45 MST 2020
| Date         : Wed May  3 13:32:07 2023
| Host         : PC-627 running 64-bit major release  (build 9200)
| Command      : report_control_sets -verbose -file top_control_sets_placed.rpt
| Design       : top
| Device       : xc7a50ti
------------------------------------------------------------------------------------

Control Set Information

Table of Contents
-----------------
1. Summary
2. Histogram
3. Flip-Flop Distribution
4. Detailed Control Set Information

1. Summary
----------

+----------------------------------------------------------+-------+
|                          Status                          | Count |
+----------------------------------------------------------+-------+
| Total control sets                                       |     7 |
|    Minimum number of control sets                        |     7 |
|    Addition due to synthesis replication                 |     0 |
|    Addition due to physical synthesis replication        |     0 |
| Unused register locations in slices containing registers |    11 |
+----------------------------------------------------------+-------+
* Control sets can be merged at opt_design using control_set_merge or merge_equivalent_drivers
** Run report_qor_suggestions for automated merging and remapping suggestions


2. Histogram
------------

+--------------------+-------+
|       Fanout       | Count |
+--------------------+-------+
| Total control sets |     7 |
| >= 0 to < 4        |     1 |
| >= 4 to < 6        |     0 |
| >= 6 to < 8        |     1 |
| >= 8 to < 10       |     1 |
| >= 10 to < 12      |     0 |
| >= 12 to < 14      |     0 |
| >= 14 to < 16      |     0 |
| >= 16              |     4 |
+--------------------+-------+
* Control sets can be remapped at either synth_design or opt_design


3. Flip-Flop Distribution
-------------------------

+--------------+-----------------------+------------------------+-----------------+--------------+
| Clock Enable | Synchronous Set/Reset | Asynchronous Set/Reset | Total Registers | Total Slices |
+--------------+-----------------------+------------------------+-----------------+--------------+
| No           | No                    | No                     |               8 |            6 |
| No           | No                    | Yes                    |               0 |            0 |
| No           | Yes                   | No                     |              62 |           16 |
| Yes          | No                    | No                     |              40 |           36 |
| Yes          | No                    | Yes                    |               0 |            0 |
| Yes          | Yes                   | No                     |              31 |            8 |
+--------------+-----------------------+------------------------+-----------------+--------------+


4. Detailed Control Set Information
-----------------------------------

+----------------------+--------------------------------------+--------------------------------+------------------+----------------+--------------+
|     Clock Signal     |             Enable Signal            |        Set/Reset Signal        | Slice Load Count | Bel Load Count | Bels / Slice |
+----------------------+--------------------------------------+--------------------------------+------------------+----------------+--------------+
| ~CLK100MHZ_IBUF_BUFG |                                      |                                |                1 |              2 |         2.00 |
|  CLK100MHZ_IBUF_BUFG |                                      |                                |                5 |              6 |         1.20 |
|  CLK100MHZ_IBUF_BUFG | bin2morse/clk_en0/bin_current_reg[4] |                                |                4 |              8 |         2.00 |
|  CLK100MHZ_IBUF_BUFG |                                      | bin2morse/clk_en0/clear        |                8 |             31 |         3.88 |
|  CLK100MHZ_IBUF_BUFG |                                      | bin2morse/buzzer/clk_en0/clear |                8 |             31 |         3.88 |
| ~CLK100MHZ_IBUF_BUFG | bin2morse/buzzer/latch               | bin2morse/buzzer/sig_cnt       |                8 |             31 |         3.88 |
|  CLK100MHZ_IBUF_BUFG | bin2morse/clk_en0/E[0]               |                                |               32 |             32 |         1.00 |
+----------------------+--------------------------------------+--------------------------------+------------------+----------------+--------------+


